<?xml version="1.0" encoding="UTF-8"?>
<testng-results ignored="0" total="1" passed="1" failed="0" skipped="0">
  <reporter-output>
  </reporter-output>
  <suite started-at="2020-08-24T15:05:40 EDT" name="Suite" finished-at="2020-08-24T15:06:32 EDT" duration-ms="51821">
    <groups>
    </groups>
    <test started-at="2020-08-24T15:05:40 EDT" name="Test" finished-at="2020-08-24T15:06:32 EDT" duration-ms="51821">
      <class name="newtest.newfirst">
        <test-method signature="negativelogin2()[pri:0, instance:newtest.newfirst@30b7c004]" started-at="2020-08-24T15:05:41 EDT" name="negativelogin2" finished-at="2020-08-24T15:06:32 EDT" duration-ms="51602" status="PASS">
          <reporter-output>
          </reporter-output>
        </test-method> <!-- negativelogin2 -->
      </class> <!-- newtest.newfirst -->
    </test> <!-- Test -->
  </suite> <!-- Suite -->
</testng-results>
